<?xml version="1.0" encoding="UTF-8"?>
<!-- Generated by org.testng.reporters.JUnitXMLReporter -->
<testsuite ignored="0" hostname="Kailas" failures="0" tests="5" name="Default test" time="0.091" errors="0" timestamp="2023-03-16T08:44:01 IST">
  <testcase classname="testngexample.ParallelClass" name="Test1" time="0.016"/>
  <testcase classname="testngexample.ParallelClass" name="test2" time="0.002"/>
  <testcase classname="testngexample.ParallelClass" name="test3" time="0.001"/>
  <testcase classname="testngexample.ParallelClass" name="test4" time="0.001"/>
  <testcase classname="testngexample.ParallelClass" name="test5" time="0.002"/>
</testsuite> <!-- Default test -->
